Training samples: 4927
Validation samples: 533
Image dimensions: 256
Epoch 1/100
Train Loss: 0.7919, Val Loss: 0.2073
Epoch 2/100
Train Loss: 0.1642, Val Loss: 0.1676
Epoch 3/100
Train Loss: 0.1266, Val Loss: 0.1566
Epoch 4/100
Train Loss: 0.1088, Val Loss: 0.1522
Epoch 5/100
Train Loss: 0.0897, Val Loss: 0.1350
Epoch 6/100
Train Loss: 0.0766, Val Loss: 0.1178
Epoch 7/100
Train Loss: 0.0580, Val Loss: 0.1073
Epoch 8/100
Train Loss: 0.0529, Val Loss: 0.1155
Epoch 9/100
Train Loss: 0.0415, Val Loss: 0.1165
Epoch 10/100
Train Loss: 0.0343, Val Loss: 0.1283
Epoch 11/100
Train Loss: 0.0309, Val Loss: 0.1162
Epoch 12/100
Train Loss: 0.0248, Val Loss: 0.1078
Epoch 13/100
Train Loss: 0.0185, Val Loss: 0.1140
Epoch 14/100
Train Loss: 0.0152, Val Loss: 0.1029
Epoch 15/100
Train Loss: 0.0127, Val Loss: 0.1088
Epoch 16/100
Train Loss: 0.0115, Val Loss: 0.1095
Epoch 17/100
Train Loss: 0.0115, Val Loss: 0.1106
Epoch 18/100
Train Loss: 0.0076, Val Loss: 0.1207
Epoch 19/100
Train Loss: 0.0069, Val Loss: 0.1115
Epoch 20/100
Train Loss: 0.0054, Val Loss: 0.1168
Epoch 21/100
Train Loss: 0.0047, Val Loss: 0.1206
Epoch 22/100
Train Loss: 0.0044, Val Loss: 0.1263
Epoch 23/100
Train Loss: 0.0038, Val Loss: 0.1283
Epoch 24/100
Train Loss: 0.0033, Val Loss: 0.1231
Epoch 25/100
Train Loss: 0.0038, Val Loss: 0.1292
Epoch 26/100
Train Loss: 0.0028, Val Loss: 0.1276
Epoch 27/100
Train Loss: 0.0030, Val Loss: 0.1304
Epoch 28/100
Train Loss: 0.0041, Val Loss: 0.1323
Epoch 29/100
Train Loss: 0.0030, Val Loss: 0.1279
Epoch 30/100
Train Loss: 0.0031, Val Loss: 0.1327
Epoch 31/100
Train Loss: 0.0024, Val Loss: 0.1285
Epoch 32/100
Train Loss: 0.0022, Val Loss: 0.1321
Epoch 33/100
Train Loss: 0.0024, Val Loss: 0.1449
Epoch 34/100
Train Loss: 0.0023, Val Loss: 0.1385
Epoch 35/100
Train Loss: 0.0027, Val Loss: 0.1399
Epoch 36/100
Train Loss: 0.0019, Val Loss: 0.1374
Epoch 37/100
Train Loss: 0.0017, Val Loss: 0.1443
Epoch 38/100
Train Loss: 0.0026, Val Loss: 0.1410
Epoch 39/100
Train Loss: 0.0022, Val Loss: 0.1440
Epoch 40/100
Train Loss: 0.0021, Val Loss: 0.1490
Epoch 41/100
Train Loss: 0.0022, Val Loss: 0.1425
Epoch 42/100
Train Loss: 0.0020, Val Loss: 0.1415
Epoch 43/100
Train Loss: 0.0018, Val Loss: 0.1376
Epoch 44/100
Train Loss: 0.0016, Val Loss: 0.1469
Epoch 45/100
Train Loss: 0.0020, Val Loss: 0.1462
Epoch 46/100
Train Loss: 0.0019, Val Loss: 0.1447
Epoch 47/100
Train Loss: 0.0015, Val Loss: 0.1483
Epoch 48/100
Train Loss: 0.0016, Val Loss: 0.1501
Epoch 49/100
Train Loss: 0.0018, Val Loss: 0.1498
Epoch 50/100
Train Loss: 0.0018, Val Loss: 0.1519
Epoch 51/100
Train Loss: 0.0020, Val Loss: 0.1506
Epoch 52/100
Train Loss: 0.0014, Val Loss: 0.1527
Epoch 53/100
Train Loss: 0.0015, Val Loss: 0.1563
Epoch 54/100
Train Loss: 0.0008, Val Loss: 0.1524
Epoch 55/100
Train Loss: 0.0017, Val Loss: 0.1599
Epoch 56/100
Train Loss: 0.0017, Val Loss: 0.1516
Epoch 57/100
Train Loss: 0.0020, Val Loss: 0.1560
Epoch 58/100
Train Loss: 0.0014, Val Loss: 0.1576
Epoch 59/100
Train Loss: 0.0013, Val Loss: 0.1555
Epoch 60/100
Train Loss: 0.0015, Val Loss: 0.1590
Epoch 61/100
Train Loss: 0.0011, Val Loss: 0.1612
Epoch 62/100
Train Loss: 0.0014, Val Loss: 0.1618
Epoch 63/100
Train Loss: 0.0014, Val Loss: 0.1595
Epoch 64/100
Train Loss: 0.0020, Val Loss: 0.1600
Epoch 65/100
Train Loss: 0.0012, Val Loss: 0.1587
Epoch 66/100
Train Loss: 0.0011, Val Loss: 0.1657
Epoch 67/100
Train Loss: 0.0018, Val Loss: 0.1671
Epoch 68/100
Train Loss: 0.0012, Val Loss: 0.1684
Epoch 69/100
Train Loss: 0.0011, Val Loss: 0.1673
Epoch 70/100
Train Loss: 0.0014, Val Loss: 0.1659
Epoch 71/100
Train Loss: 0.0012, Val Loss: 0.1669
Epoch 72/100
Train Loss: 0.0010, Val Loss: 0.1758
Epoch 73/100
Train Loss: 0.0018, Val Loss: 0.1694
Epoch 74/100
Train Loss: 0.0011, Val Loss: 0.1666
Epoch 75/100
Train Loss: 0.0007, Val Loss: 0.1710
Epoch 76/100
Train Loss: 0.0009, Val Loss: 0.1673
Epoch 77/100
Train Loss: 0.0012, Val Loss: 0.1701
Epoch 78/100
Train Loss: 0.0008, Val Loss: 0.1802
Epoch 79/100
Train Loss: 0.0006, Val Loss: 0.1784
Epoch 80/100
Train Loss: 0.0009, Val Loss: 0.1786
Epoch 81/100
Train Loss: 0.0011, Val Loss: 0.1847
Epoch 82/100
Train Loss: 0.0010, Val Loss: 0.1832
Epoch 83/100
Train Loss: 0.0010, Val Loss: 0.1795
Epoch 84/100
Train Loss: 0.0008, Val Loss: 0.1846
Epoch 85/100
Train Loss: 0.0010, Val Loss: 0.1813
Epoch 86/100
Train Loss: 0.0009, Val Loss: 0.1941
Epoch 87/100
Train Loss: 0.0009, Val Loss: 0.2011
Epoch 88/100
Train Loss: 0.0006, Val Loss: 0.1868
Epoch 89/100
Train Loss: 0.0008, Val Loss: 0.1791
Epoch 90/100
Train Loss: 0.0008, Val Loss: 0.1979
Epoch 91/100
Train Loss: 0.0007, Val Loss: 0.1955
Epoch 92/100
Train Loss: 0.0007, Val Loss: 0.1991
Epoch 93/100
Train Loss: 0.0010, Val Loss: 0.1963
Epoch 94/100
Train Loss: 0.0007, Val Loss: 0.2122
Epoch 95/100
Train Loss: 0.0010, Val Loss: 0.1910
Epoch 96/100
Train Loss: 0.0003, Val Loss: 0.1946
Epoch 97/100
Train Loss: 0.0004, Val Loss: 0.2018
Epoch 98/100
Train Loss: 0.0004, Val Loss: 0.2036
Epoch 99/100
Train Loss: 0.0005, Val Loss: 0.2037
Epoch 100/100
Train Loss: 0.1074, Val Loss: 0.2184
